Determining if the pthread_create exist failed with the following output:
Change Dir: /home/mindy/Documents/cs148/cs148opengl4/source/build/unix/Release/CMakeFiles/CMakeTmp

Run Build Command:/usr/bin/make "cmTryCompileExec3352602603/fast"
/usr/bin/make -f CMakeFiles/cmTryCompileExec3352602603.dir/build.make CMakeFiles/cmTryCompileExec3352602603.dir/build
make[1]: Entering directory '/home/mindy/Documents/cs148/cs148opengl4/source/build/unix/Release/CMakeFiles/CMakeTmp'
/usr/bin/cmake -E cmake_progress_report /home/mindy/Documents/cs148/cs148opengl4/source/build/unix/Release/CMakeFiles/CMakeTmp/CMakeFiles 1
Building C object CMakeFiles/cmTryCompileExec3352602603.dir/CheckSymbolExists.c.o
/usr/bin/cc    -o CMakeFiles/cmTryCompileExec3352602603.dir/CheckSymbolExists.c.o   -c /home/mindy/Documents/cs148/cs148opengl4/source/build/unix/Release/CMakeFiles/CMakeTmp/CheckSymbolExists.c
Linking C executable cmTryCompileExec3352602603
/usr/bin/cmake -E cmake_link_script CMakeFiles/cmTryCompileExec3352602603.dir/link.txt --verbose=1
/usr/bin/cc       CMakeFiles/cmTryCompileExec3352602603.dir/CheckSymbolExists.c.o  -o cmTryCompileExec3352602603 -rdynamic 
CMakeFiles/cmTryCompileExec3352602603.dir/CheckSymbolExists.c.o: In function `main':
CheckSymbolExists.c:(.text+0x16): undefined reference to `pthread_create'
collect2: error: ld returned 1 exit status
CMakeFiles/cmTryCompileExec3352602603.dir/build.make:88: recipe for target 'cmTryCompileExec3352602603' failed
make[1]: *** [cmTryCompileExec3352602603] Error 1
make[1]: Leaving directory '/home/mindy/Documents/cs148/cs148opengl4/source/build/unix/Release/CMakeFiles/CMakeTmp'
Makefile:114: recipe for target 'cmTryCompileExec3352602603/fast' failed
make: *** [cmTryCompileExec3352602603/fast] Error 2

File /home/mindy/Documents/cs148/cs148opengl4/source/build/unix/Release/CMakeFiles/CMakeTmp/CheckSymbolExists.c:
/* */
#include <pthread.h>

int main(int argc, char** argv)
{
  (void)argv;
#ifndef pthread_create
  return ((int*)(&pthread_create))[argc];
#else
  (void)argc;
  return 0;
#endif
}

Determining if the function pthread_create exists in the pthreads failed with the following output:
Change Dir: /home/mindy/Documents/cs148/cs148opengl4/source/build/unix/Release/CMakeFiles/CMakeTmp

Run Build Command:/usr/bin/make "cmTryCompileExec3791202027/fast"
/usr/bin/make -f CMakeFiles/cmTryCompileExec3791202027.dir/build.make CMakeFiles/cmTryCompileExec3791202027.dir/build
make[1]: Entering directory '/home/mindy/Documents/cs148/cs148opengl4/source/build/unix/Release/CMakeFiles/CMakeTmp'
/usr/bin/cmake -E cmake_progress_report /home/mindy/Documents/cs148/cs148opengl4/source/build/unix/Release/CMakeFiles/CMakeTmp/CMakeFiles 1
Building C object CMakeFiles/cmTryCompileExec3791202027.dir/CheckFunctionExists.c.o
/usr/bin/cc   -DCHECK_FUNCTION_EXISTS=pthread_create   -o CMakeFiles/cmTryCompileExec3791202027.dir/CheckFunctionExists.c.o   -c /usr/share/cmake-2.8/Modules/CheckFunctionExists.c
Linking C executable cmTryCompileExec3791202027
/usr/bin/cmake -E cmake_link_script CMakeFiles/cmTryCompileExec3791202027.dir/link.txt --verbose=1
/usr/bin/cc   -DCHECK_FUNCTION_EXISTS=pthread_create    CMakeFiles/cmTryCompileExec3791202027.dir/CheckFunctionExists.c.o  -o cmTryCompileExec3791202027 -rdynamic -lpthreads 
/usr/bin/ld: cannot find -lpthreads
collect2: error: ld returned 1 exit status
CMakeFiles/cmTryCompileExec3791202027.dir/build.make:88: recipe for target 'cmTryCompileExec3791202027' failed
make[1]: *** [cmTryCompileExec3791202027] Error 1
make[1]: Leaving directory '/home/mindy/Documents/cs148/cs148opengl4/source/build/unix/Release/CMakeFiles/CMakeTmp'
Makefile:114: recipe for target 'cmTryCompileExec3791202027/fast' failed
make: *** [cmTryCompileExec3791202027/fast] Error 2


