Determining if the pthread_create exist failed with the following output:
Change Dir: /home/mindy/Documents/cs148/cs148opengl4/source/build/unix/Debug/CMakeFiles/CMakeTmp

Run Build Command:/usr/bin/make "cmTryCompileExec1634528373/fast"
/usr/bin/make -f CMakeFiles/cmTryCompileExec1634528373.dir/build.make CMakeFiles/cmTryCompileExec1634528373.dir/build
make[1]: Entering directory '/home/mindy/Documents/cs148/cs148opengl4/source/build/unix/Debug/CMakeFiles/CMakeTmp'
/usr/bin/cmake -E cmake_progress_report /home/mindy/Documents/cs148/cs148opengl4/source/build/unix/Debug/CMakeFiles/CMakeTmp/CMakeFiles 1
Building C object CMakeFiles/cmTryCompileExec1634528373.dir/CheckSymbolExists.c.o
/usr/bin/cc    -o CMakeFiles/cmTryCompileExec1634528373.dir/CheckSymbolExists.c.o   -c /home/mindy/Documents/cs148/cs148opengl4/source/build/unix/Debug/CMakeFiles/CMakeTmp/CheckSymbolExists.c
Linking C executable cmTryCompileExec1634528373
/usr/bin/cmake -E cmake_link_script CMakeFiles/cmTryCompileExec1634528373.dir/link.txt --verbose=1
/usr/bin/cc       CMakeFiles/cmTryCompileExec1634528373.dir/CheckSymbolExists.c.o  -o cmTryCompileExec1634528373 -rdynamic 
CMakeFiles/cmTryCompileExec1634528373.dir/CheckSymbolExists.c.o: In function `main':
CheckSymbolExists.c:(.text+0x16): undefined reference to `pthread_create'
collect2: error: ld returned 1 exit status
CMakeFiles/cmTryCompileExec1634528373.dir/build.make:88: recipe for target 'cmTryCompileExec1634528373' failed
make[1]: Leaving directory '/home/mindy/Documents/cs148/cs148opengl4/source/build/unix/Debug/CMakeFiles/CMakeTmp'
make[1]: *** [cmTryCompileExec1634528373] Error 1
Makefile:114: recipe for target 'cmTryCompileExec1634528373/fast' failed
make: *** [cmTryCompileExec1634528373/fast] Error 2

File /home/mindy/Documents/cs148/cs148opengl4/source/build/unix/Debug/CMakeFiles/CMakeTmp/CheckSymbolExists.c:
/* */
#include <pthread.h>

int main(int argc, char** argv)
{
  (void)argv;
#ifndef pthread_create
  return ((int*)(&pthread_create))[argc];
#else
  (void)argc;
  return 0;
#endif
}

Determining if the function pthread_create exists in the pthreads failed with the following output:
Change Dir: /home/mindy/Documents/cs148/cs148opengl4/source/build/unix/Debug/CMakeFiles/CMakeTmp

Run Build Command:/usr/bin/make "cmTryCompileExec3842499097/fast"
/usr/bin/make -f CMakeFiles/cmTryCompileExec3842499097.dir/build.make CMakeFiles/cmTryCompileExec3842499097.dir/build
make[1]: Entering directory '/home/mindy/Documents/cs148/cs148opengl4/source/build/unix/Debug/CMakeFiles/CMakeTmp'
/usr/bin/cmake -E cmake_progress_report /home/mindy/Documents/cs148/cs148opengl4/source/build/unix/Debug/CMakeFiles/CMakeTmp/CMakeFiles 1
Building C object CMakeFiles/cmTryCompileExec3842499097.dir/CheckFunctionExists.c.o
/usr/bin/cc   -DCHECK_FUNCTION_EXISTS=pthread_create   -o CMakeFiles/cmTryCompileExec3842499097.dir/CheckFunctionExists.c.o   -c /usr/share/cmake-2.8/Modules/CheckFunctionExists.c
Linking C executable cmTryCompileExec3842499097
/usr/bin/cmake -E cmake_link_script CMakeFiles/cmTryCompileExec3842499097.dir/link.txt --verbose=1
/usr/bin/cc   -DCHECK_FUNCTION_EXISTS=pthread_create    CMakeFiles/cmTryCompileExec3842499097.dir/CheckFunctionExists.c.o  -o cmTryCompileExec3842499097 -rdynamic -lpthreads 
/usr/bin/ld: cannot find -lpthreads
collect2: error: ld returned 1 exit status
CMakeFiles/cmTryCompileExec3842499097.dir/build.make:88: recipe for target 'cmTryCompileExec3842499097' failed
make[1]: Leaving directory '/home/mindy/Documents/cs148/cs148opengl4/source/build/unix/Debug/CMakeFiles/CMakeTmp'
make[1]: *** [cmTryCompileExec3842499097] Error 1
Makefile:114: recipe for target 'cmTryCompileExec3842499097/fast' failed
make: *** [cmTryCompileExec3842499097/fast] Error 2


